\BOOKMARK [0][-]{chapter*.1}{Toelating tot bruikleen}{}% 1
\BOOKMARK [0][-]{chapter*.2}{Voorwoord}{}% 2
\BOOKMARK [0][-]{chapter*.2}{Overzicht}{}% 3
\BOOKMARK [0][-]{chapter*.3}{Overzicht}{}% 4
\BOOKMARK [0][-]{section*.4}{Extended abstract}{}% 5
\BOOKMARK [0][-]{section*.4}{Inhoudsopgave}{}% 6
\BOOKMARK [0][-]{chapter*.6}{Afkortingen}{}% 7
\BOOKMARK [0][-]{chapter.1}{Inleiding}{}% 8
\BOOKMARK [1][-]{section.1.1}{Gebarentaal}{chapter.1}% 9
\BOOKMARK [1][-]{section.1.2}{Automatische gebarentaalherkenning}{chapter.1}% 10
\BOOKMARK [2][-]{subsection.1.2.1}{Gebarenherkenning}{section.1.2}% 11
\BOOKMARK [2][-]{subsection.1.2.2}{Gebarensegmentatie}{section.1.2}% 12
\BOOKMARK [1][-]{section.1.3}{One-shot learning}{chapter.1}% 13
\BOOKMARK [1][-]{section.1.4}{Doelstelling}{chapter.1}% 14
\BOOKMARK [0][-]{chapter.2}{Technische aspecten}{}% 15
\BOOKMARK [1][-]{section.2.1}{Machine Learning}{chapter.2}% 16
\BOOKMARK [1][-]{section.2.2}{Artifici\353el neuraal netwerk}{chapter.2}% 17
\BOOKMARK [1][-]{section.2.3}{Convolutioneel neuraal netwerk}{chapter.2}% 18
\BOOKMARK [1][-]{section.2.4}{Hyperparameters}{chapter.2}% 19
\BOOKMARK [0][-]{appendix*.7}{Bibliografie}{}% 20
