This is pdfTeX, Version 3.14159265-2.6-1.40.17 (TeX Live 2016) (preloaded format=pdflatex 2017.5.1)  9 JUN 2017 11:21
entering extended mode
 restricted \write18 enabled.
 %&-line parsing enabled.
**abstract.tex
(./abstract.tex
LaTeX2e <2017/01/01> patch level 3
Babel <3.9r> and hyphenation patterns for 83 language(s) loaded.
(./phdsymp.cls
Document Style `phdsymp' <01-August-2000>.
Upgraded to `phdsymp.cls' <01-August-2000> !PN
Rev. <01-August-2000> !PN
(/usr/local/texlive/2016/texmf-dist/tex/latex/tools/rawfonts.sty
Package: rawfonts 1994/05/08 Low-level LaTeX 2.09 font compatibility

(/usr/local/texlive/2016/texmf-dist/tex/latex/tools/somedefs.sty
Package: somedefs 1994/06/01 v0.03 Toolkit for optional definitions
)
LaTeX Font Info:    Try loading font information for U+lasy on input line 49.

(/usr/local/texlive/2016/texmf-dist/tex/latex/base/ulasy.fd
File: ulasy.fd 1998/08/17 v2.2e LaTeX symbol font definitions
))
(/usr/local/texlive/2016/texmf-dist/tex/latex/base/oldlfont.sty
Package: oldlfont 2014/09/29 v2.2k Standard LaTeX package

(/usr/local/texlive/2016/texmf-dist/tex/latex/base/tracefnt.sty
Package: tracefnt 2015/02/21 v3.0k Standard LaTeX package (font tracing)
\tracingfonts=\count79
LaTeX Info: Redefining \selectfont on input line 106.
)
\symbold=\mathgroup4
\symsans=\mathgroup5
\symtypewriter=\mathgroup6
\symitalic=\mathgroup7
\symsmallcaps=\mathgroup8
\symslanted=\mathgroup9
LaTeX Font Info:    Redeclaring math alphabet \mathbf on input line 61.
LaTeX Font Info:    Redeclaring math alphabet \mathsf on input line 62.
LaTeX Font Info:    Redeclaring math alphabet \mathtt on input line 63.
LaTeX Font Info:    Redeclaring math alphabet \mathit on input line 69.
LaTeX Info: Redefining \em on input line 79.

(/usr/local/texlive/2016/texmf-dist/tex/latex/base/latexsym.sty
Package: latexsym 1998/08/17 v2.2e Standard LaTeX package (lasy symbols)
\symlasy=\mathgroup10
LaTeX Font Info:    Overwriting symbol font `lasy' in version `bold'
(Font)                  U/lasy/m/n --> U/lasy/b/n on input line 52.
))
-- This is a 10 point document
\tmpitemindent=\dimen102
\c@section=\count80
\c@subsection=\count81
\c@subsubsection=\count82
\c@paragraph=\count83
\captionindent=\skip41
\c@figure=\count84
\c@table=\count85
) (/usr/local/texlive/2016/texmf-dist/tex/generic/babel/babel.sty
Package: babel 2016/04/23 3.9r The Babel package

(/usr/local/texlive/2016/texmf-dist/tex/generic/babel-english/english.ldf
Language: english 2017/01/24 v3.3q English support from the babel system

(/usr/local/texlive/2016/texmf-dist/tex/generic/babel/babel.def
File: babel.def 2016/04/23 3.9r Babel common definitions
\babel@savecnt=\count86
\U@D=\dimen103
)
\l@canadian = a dialect from \language\l@american 
\l@australian = a dialect from \language\l@british 
\l@newzealand = a dialect from \language\l@british 
))
(/usr/local/texlive/2016/texmf-dist/tex/latex/graphics/graphicx.sty
Package: graphicx 2014/10/28 v1.0g Enhanced LaTeX Graphics (DPC,SPQR)

(/usr/local/texlive/2016/texmf-dist/tex/latex/graphics/keyval.sty
Package: keyval 2014/10/28 v1.15 key=value parser (DPC)
\KV@toks@=\toks14
)
(/usr/local/texlive/2016/texmf-dist/tex/latex/graphics/graphics.sty
Package: graphics 2016/10/09 v1.0u Standard LaTeX Graphics (DPC,SPQR)

(/usr/local/texlive/2016/texmf-dist/tex/latex/graphics/trig.sty
Package: trig 2016/01/03 v1.10 sin cos tan (DPC)
)
(/usr/local/texlive/2016/texmf-dist/tex/latex/graphics-cfg/graphics.cfg
File: graphics.cfg 2016/06/04 v1.11 sample graphics configuration
)
Package graphics Info: Driver file: pdftex.def on input line 99.

(/usr/local/texlive/2016/texmf-dist/tex/latex/graphics-def/pdftex.def
File: pdftex.def 2017/01/12 v0.06k Graphics/color for pdfTeX

(/usr/local/texlive/2016/texmf-dist/tex/generic/oberdiek/infwarerr.sty
Package: infwarerr 2016/05/16 v1.4 Providing info/warning/error messages (HO)
)
(/usr/local/texlive/2016/texmf-dist/tex/generic/oberdiek/ltxcmds.sty
Package: ltxcmds 2016/05/16 v1.23 LaTeX kernel commands for general use (HO)
)
\Gread@gobject=\count87
))
\Gin@req@height=\dimen104
\Gin@req@width=\dimen105
)
(/usr/local/texlive/2016/texmf-dist/tex/latex/psnfss/times.sty
Package: times 2005/04/12 PSNFSS-v9.2a (SPQR) 
)
\c@theorem=\count88
 (./abstract.aux)
\openout1 = `abstract.aux'.

LaTeX Font Info:    Checking defaults for OML/cmm/m/it on input line 33.
LaTeX Font Info:    ... okay on input line 33.
LaTeX Font Info:    Checking defaults for T1/cmr/m/n on input line 33.
LaTeX Font Info:    ... okay on input line 33.
LaTeX Font Info:    Checking defaults for OT1/cmr/m/n on input line 33.
LaTeX Font Info:    ... okay on input line 33.
LaTeX Font Info:    Checking defaults for OMS/cmsy/m/n on input line 33.
LaTeX Font Info:    ... okay on input line 33.
LaTeX Font Info:    Checking defaults for OMX/cmex/m/n on input line 33.
LaTeX Font Info:    ... okay on input line 33.
LaTeX Font Info:    Checking defaults for U/cmr/m/n on input line 33.
LaTeX Font Info:    ... okay on input line 33.
LaTeX Font Info:    Try loading font information for OT1+ptm on input line 33.
 (/usr/local/texlive/2016/texmf-dist/tex/latex/psnfss/ot1ptm.fd
File: ot1ptm.fd 2001/06/04 font definitions for OT1/ptm.
)
(/usr/local/texlive/2016/texmf-dist/tex/context/base/mkii/supp-pdf.mkii
[Loading MPS to PDF converter (version 2006.09.02).]
\scratchcounter=\count89
\scratchdimen=\dimen106
\scratchbox=\box26
\nofMPsegments=\count90
\nofMParguments=\count91
\everyMPshowfont=\toks15
\MPscratchCnt=\count92
\MPscratchDim=\dimen107
\MPnumerator=\count93
\makeMPintoPDFobject=\count94
\everyMPtoPDFconversion=\toks16
) (/usr/local/texlive/2016/texmf-dist/tex/generic/oberdiek/pdftexcmds.sty
Package: pdftexcmds 2017/03/19 v0.25 Utility functions of pdfTeX for LuaTeX (HO
)

(/usr/local/texlive/2016/texmf-dist/tex/generic/oberdiek/ifluatex.sty
Package: ifluatex 2016/05/16 v1.4 Provides the ifluatex switch (HO)
Package ifluatex Info: LuaTeX not detected.
)
(/usr/local/texlive/2016/texmf-dist/tex/generic/oberdiek/ifpdf.sty
Package: ifpdf 2017/03/15 v3.2 Provides the ifpdf switch
)
Package pdftexcmds Info: LuaTeX not detected.
Package pdftexcmds Info: \pdf@primitive is available.
Package pdftexcmds Info: \pdf@ifprimitive is available.
Package pdftexcmds Info: \pdfdraftmode found.
)
(/usr/local/texlive/2016/texmf-dist/tex/latex/oberdiek/epstopdf-base.sty
Package: epstopdf-base 2016/05/15 v2.6 Base part for package epstopdf

(/usr/local/texlive/2016/texmf-dist/tex/latex/oberdiek/grfext.sty
Package: grfext 2016/05/16 v1.2 Manage graphics extensions (HO)

(/usr/local/texlive/2016/texmf-dist/tex/generic/oberdiek/kvdefinekeys.sty
Package: kvdefinekeys 2016/05/16 v1.4 Define keys (HO)
))
(/usr/local/texlive/2016/texmf-dist/tex/latex/oberdiek/kvoptions.sty
Package: kvoptions 2016/05/16 v3.12 Key value format for package options (HO)

(/usr/local/texlive/2016/texmf-dist/tex/generic/oberdiek/kvsetkeys.sty
Package: kvsetkeys 2016/05/16 v1.17 Key value parser (HO)

(/usr/local/texlive/2016/texmf-dist/tex/generic/oberdiek/etexcmds.sty
Package: etexcmds 2016/05/16 v1.6 Avoid name clashes with e-TeX commands (HO)
Package etexcmds Info: Could not find \expanded.
(etexcmds)             That can mean that you are not using pdfTeX 1.50 or
(etexcmds)             that some package has redefined \expanded.
(etexcmds)             In the latter case, load this package earlier.
)))
Package epstopdf-base Info: Redefining graphics rule for `.eps' on input line 4
38.
Package grfext Info: Graphics extension search list:
(grfext)             [.png,.pdf,.jpg,.mps,.jpeg,.jbig2,.jb2,.PNG,.PDF,.JPG,.JPE
G,.JBIG2,.JB2,.eps]
(grfext)             \AppendGraphicsExtensions on input line 456.

(/usr/local/texlive/2016/texmf-dist/tex/latex/latexconfig/epstopdf-sys.cfg
File: epstopdf-sys.cfg 2010/07/13 v1.3 Configuration of (r)epstopdf for TeX Liv
e
))
LaTeX Font Info:    Font shape `OT1/ptm/bx/n' in size <8> not available
(Font)              Font shape `OT1/ptm/b/n' tried instead on input line 44.
LaTeX Font Info:    External font `cmex10' loaded for size
(Font)              <8> on input line 44.
LaTeX Font Info:    External font `cmex10' loaded for size
(Font)              <6> on input line 44.
LaTeX Font Info:    External font `cmex10' loaded for size
(Font)              <5> on input line 44.

(./figuren/First-model.pdf_tex
<figuren/First-model.pdf, id=1, 861.04596pt x 209.13252pt>
File: figuren/First-model.pdf Graphic file (type pdf)

<use figuren/First-model.pdf>
Package pdftex.def Info: figuren/First-model.pdf used on input line 52.
(pdftex.def)             Requested size: 520.68542pt x 126.46971pt.
LaTeX Font Info:    Font shape `OT1/ptm/bx/n' in size <10> not available
(Font)              Font shape `OT1/ptm/b/n' tried instead on input line 53.

! (Inkscape) Color is used for the text in Inkscape, but the package 'color.sty
' is not loaded.
\\color ... the package 'color.sty' is not loaded}
                                                  \renewcommand \color [2][]{}
l.59 ...0)[b]{\smash{\scalebox{.8}{Max-pooling}}}}
                                                  %
This error message was generated by an \errmessage
command, so I can't give any explicit help.
Pretend that you're Hercule Poirot: Examine all clues,
and deduce the truth by order and method.

! (Inkscape) Color is used for the text in Inkscape, but the package 'color.sty
' is not loaded.
\\color ... the package 'color.sty' is not loaded}
                                                  \renewcommand \color [2][]{}
l.60 ...kebox(0,0)[b]{\smash{\scalebox{.8}{2x2}}}}
                                                  %
(That was another \errmessage.)

! (Inkscape) Color is used for the text in Inkscape, but the package 'color.sty
' is not loaded.
\\color ... the package 'color.sty' is not loaded}
                                                  \renewcommand \color [2][]{}
l.61 ...b]{\smash{\scalebox{.8}{0,1,...,18,19}}}}}
                                                  %
(That was another \errmessage.)

! (Inkscape) Color is used for the text in Inkscape, but the package 'color.sty
' is not loaded.
\\color ... the package 'color.sty' is not loaded}
                                                  \renewcommand \color [2][]{}
l.62 ...box(0,0)[b]{\smash{\scalebox{.8}{Conv.}}}}
                                                  %
(That was another \errmessage.)

! (Inkscape) Color is used for the text in Inkscape, but the package 'color.sty
' is not loaded.
\\color ... the package 'color.sty' is not loaded}
                                                  \renewcommand \color [2][]{}
l.63 ...box(0,0)[b]{\smash{\scalebox{.8}{Conv.}}}}
                                                  %
(That was another \errmessage.)

! (Inkscape) Color is used for the text in Inkscape, but the package 'color.sty
' is not loaded.
\\color ... the package 'color.sty' is not loaded}
                                                  \renewcommand \color [2][]{}
l.64 ...box(0,0)[b]{\smash{\scalebox{.8}{Conv.}}}}
                                                  %
(That was another \errmessage.)

! (Inkscape) Color is used for the text in Inkscape, but the package 'color.sty
' is not loaded.
\\color ... the package 'color.sty' is not loaded}
                                                  \renewcommand \color [2][]{}
l.65 ...0)[b]{\smash{\scalebox{.8}{Max-pooling}}}}
                                                  %
(That was another \errmessage.)

! (Inkscape) Color is used for the text in Inkscape, but the package 'color.sty
' is not loaded.
\\color ... the package 'color.sty' is not loaded}
                                                  \renewcommand \color [2][]{}
l.66 ...0)[b]{\smash{\scalebox{.8}{Max-pooling}}}}
                                                  %
(That was another \errmessage.)

! (Inkscape) Color is used for the text in Inkscape, but the package 'color.sty
' is not loaded.
\\color ... the package 'color.sty' is not loaded}
                                                  \renewcommand \color [2][]{}
l.67 ...x(0,0)[b]{\smash{\scalebox{.8}{8x(5x5)}}}}
                                                  %
(That was another \errmessage.)

! (Inkscape) Color is used for the text in Inkscape, but the package 'color.sty
' is not loaded.
\\color ... the package 'color.sty' is not loaded}
                                                  \renewcommand \color [2][]{}
l.68 ...x(0,0)[b]{\smash{\scalebox{.8}{16(5x5)}}}}
                                                  %
(That was another \errmessage.)

! (Inkscape) Color is used for the text in Inkscape, but the package 'color.sty
' is not loaded.
\\color ... the package 'color.sty' is not loaded}
                                                  \renewcommand \color [2][]{}
l.69 ...(0,0)[b]{\smash{\scalebox{.8}{32x(4x4)}}}}
                                                  %
(That was another \errmessage.)

! (Inkscape) Color is used for the text in Inkscape, but the package 'color.sty
' is not loaded.
\\color ... the package 'color.sty' is not loaded}
                                                  \renewcommand \color [2][]{}
l.70 ...kebox(0,0)[b]{\smash{\scalebox{.8}{2x2}}}}
                                                  %
(That was another \errmessage.)

! (Inkscape) Color is used for the text in Inkscape, but the package 'color.sty
' is not loaded.
\\color ... the package 'color.sty' is not loaded}
                                                  \renewcommand \color [2][]{}
l.71 ...kebox(0,0)[b]{\smash{\scalebox{.8}{2x2}}}}
                                                  %
(That was another \errmessage.)

! (Inkscape) Color is used for the text in Inkscape, but the package 'color.sty
' is not loaded.
\\color ... the package 'color.sty' is not loaded}
                                                  \renewcommand \color [2][]{}
l.72 ...0)[b]{\smash{\scalebox{.8}{Dense layer}}}}
                                                  %
(That was another \errmessage.)

! (Inkscape) Color is used for the text in Inkscape, but the package 'color.sty
' is not loaded.
\\color ... the package 'color.sty' is not loaded}
                                                  \renewcommand \color [2][]{}
l.73 ...0,0)[b]{\smash{\scalebox{.8}{800 units}}}}
                                                  %
(That was another \errmessage.)

! (Inkscape) Color is used for the text in Inkscape, but the package 'color.sty
' is not loaded.
\\color ... the package 'color.sty' is not loaded}
                                                  \renewcommand \color [2][]{}
l.74 ...)[lb]{\smash{\scalebox{.8}{Dense layer}}}}
                                                  %
(That was another \errmessage.)

! (Inkscape) Color is used for the text in Inkscape, but the package 'color.sty
' is not loaded.
\\color ... the package 'color.sty' is not loaded}
                                                  \renewcommand \color [2][]{}
l.75 ...,0)[lb]{\smash{\scalebox{.8}{100 units}}}}
                                                  %
(That was another \errmessage.)

! (Inkscape) Color is used for the text in Inkscape, but the package 'color.sty
' is not loaded.
\\color ... the package 'color.sty' is not loaded}
                                                  \renewcommand \color [2][]{}
l.76 ...(0,0)[lb]{\smash{\scalebox{.8}{Softmax}}}}
                                                  %
(That was another \errmessage.)

! (Inkscape) Color is used for the text in Inkscape, but the package 'color.sty
' is not loaded.
\\color ... the package 'color.sty' is not loaded}
                                                  \renewcommand \color [2][]{}
l.77 ...0,0)[lb]{\smash{\scalebox{.8}{20 units}}}}
                                                  %
(That was another \errmessage.)

) [1{/usr/local/texlive/2016/texmf-var/fonts/map/pdftex/updmap/pdftex.map}


]
LaTeX Font Info:    External font `cmex10' loaded for size
(Font)              <7> on input line 89.

(./figuren/softmax19+1.pdf_tex
<figuren/softmax19+1.pdf, id=10, 451.55272pt x 274.63896pt>
File: figuren/softmax19+1.pdf Graphic file (type pdf)

<use figuren/softmax19+1.pdf>
Package pdftex.def Info: figuren/softmax19+1.pdf used on input line 52.
(pdftex.def)             Requested size: 152.70747pt x 92.87732pt.

! (Inkscape) Color is used for the text in Inkscape, but the package 'color.sty
' is not loaded.
\\color ... the package 'color.sty' is not loaded}
                                                  \renewcommand \color [2][]{}
l.53 ...,0}\makebox(0,0)[b]{\smash{\textbf{CNN}}}}
                                                  %
(That was another \errmessage.)

! (Inkscape) Color is used for the text in Inkscape, but the package 'color.sty
' is not loaded.
\\color ... the package 'color.sty' is not loaded}
                                                  \renewcommand \color [2][]{}
l.54 ...0,0)[lb]{\smash{\scalebox{0.8}{softmax}}}}
                                                  %
(That was another \errmessage.)

! (Inkscape) Color is used for the text in Inkscape, but the package 'color.sty
' is not loaded.
\\color ... the package 'color.sty' is not loaded}
                                                  \renewcommand \color [2][]{}
l.55 ...)[lb]{\smash{\scalebox{0.8}{$20$ units}}}}
                                                  %
(That was another \errmessage.)

! (Inkscape) Color is used for the text in Inkscape, but the package 'color.sty
' is not loaded.
\\color ... the package 'color.sty' is not loaded}
                                                  \renewcommand \color [2][]{}
l.56 ...0,0)[b]{\smash{\scalebox{0.8}{19 units}}}}
                                                  %
(That was another \errmessage.)

! (Inkscape) Color is used for the text in Inkscape, but the package 'color.sty
' is not loaded.
\\color ... the package 'color.sty' is not loaded}
                                                  \renewcommand \color [2][]{}
l.57 ...x(0,0)[b]{\smash{\scalebox{0.8}{1 unit}}}}
                                                  %
(That was another \errmessage.)

! (Inkscape) Color is used for the text in Inkscape, but the package 'color.sty
' is not loaded.
\\color ... the package 'color.sty' is not loaded}
                                                  \renewcommand \color [2][]{}
l.58 ...)[b]{\smash{\scalebox{0.8}{new gesture}}}}
                                                  %
(That was another \errmessage.)

! (Inkscape) Color is used for the text in Inkscape, but the package 'color.sty
' is not loaded.
\\color ... the package 'color.sty' is not loaded}
                                                  \renewcommand \color [2][]{}
l.59 ...,0)[b]{\smash{\scalebox{0.8}{800 units}}}}
                                                  %
(That was another \errmessage.)

! (Inkscape) Color is used for the text in Inkscape, but the package 'color.sty
' is not loaded.
\\color ... the package 'color.sty' is not loaded}
                                                  \renewcommand \color [2][]{}
l.60 ...,0)[b]{\smash{\scalebox{0.8}{100 units}}}}
                                                  %
(That was another \errmessage.)

) (./figuren/19x1-oneshot-vgl.pdf_tex
<figuren/19x1-oneshot-vgl.pdf, id=11, 545.63847pt x 346.9871pt>
File: figuren/19x1-oneshot-vgl.pdf Graphic file (type pdf)

<use figuren/19x1-oneshot-vgl.pdf>
Package pdftex.def Info: figuren/19x1-oneshot-vgl.pdf used on input line 52.
(pdftex.def)             Requested size: 254.50989pt x 161.85031pt.
) [2 <./figuren/First-model.pdf> <./figuren/softmax19+1.pdf

pdfTeX warning: pdflatex (file ./figuren/softmax19+1.pdf): PDF inclusion: multi
ple pdfs with page group included in a single page
>] <figuren/18x2.pdf, id=21, 462.52798pt x 346.89601pt>
File: figuren/18x2.pdf Graphic file (type pdf)
 <use figuren/18x2.pdf>
Package pdftex.def Info: figuren/18x2.pdf used on input line 117.
(pdftex.def)             Requested size: 254.50989pt x 190.88338pt.

(./abstract.bbl
Underfull \hbox (badness 10000) detected at line 3
\OT1/ptm/m/n/8 [1]
 []


Underfull \hbox (badness 10000) detected at line 8
\OT1/ptm/m/n/8 [2]
 []


Underfull \hbox (badness 10000) detected at line 14
\OT1/ptm/m/n/8 [3]
 []


Underfull \hbox (badness 10000) detected at line 21
\OT1/ptm/m/n/8 [4]
 []


Underfull \hbox (badness 10000) detected at line 27
\OT1/ptm/m/n/8 [5]
 []


Underfull \hbox (badness 10000) detected at line 32
\OT1/ptm/m/n/8 [6]
 []


Underfull \hbox (badness 1173) in paragraph at lines 33--40
[]\OT1/ptm/m/n/8 Sergio Es-calera, Xavier Baro, Jordi Gon-za-lez, Miguel A. Bau
tista,
 []


Underfull \hbox (badness 10000) detected at line 41
\OT1/ptm/m/n/8 [7]
 []


Underfull \hbox (badness 10000) detected at line 46
\OT1/ptm/m/n/8 [8]
 []


Underfull \hbox (badness 10000) detected at line 52
\OT1/ptm/m/n/8 [9]
 []

[3 <./figuren/19x1-oneshot-vgl.pdf> <./figuren/18x2.pdf

pdfTeX warning: pdflatex (file ./figuren/18x2.pdf): PDF inclusion: multiple pdf
s with page group included in a single page
>]
Missing character: There is no Ã in font ptmr7t!
Missing character: There is no © in font ptmr7t!
Missing character: There is no Ã in font ptmr7t!
Missing character: There is no © in font ptmr7t!
Missing character: There is no Ã in font ptmr7t!
Missing character: There is no © in font ptmr7t!
) [4

] (./abstract.aux) ) 
Here is how much of TeX's memory you used:
 2268 strings out of 493013
 31795 string characters out of 6133329
 107991 words of memory out of 5000000
 5728 multiletter control sequences out of 15000+600000
 39316 words of font info for 112 fonts, out of 8000000 for 9000
 1146 hyphenation exceptions out of 8191
 39i,10n,25p,836b,290s stack positions out of 5000i,500n,10000p,200000b,80000s
{/usr/local/texlive/2016/texmf-dist/fonts/enc/dvips/base/8r
.enc}</usr/local/texlive/2016/texmf-dist/fonts/type1/public/amsfonts/cm/cmmi10.
pfb></usr/local/texlive/2016/texmf-dist/fonts/type1/public/amsfonts/cm/cmr10.pf
b></usr/local/texlive/2016/texmf-dist/fonts/type1/public/amsfonts/cm/cmr7.pfb><
/usr/local/texlive/2016/texmf-dist/fonts/type1/public/amsfonts/cm/cmsy7.pfb></u
sr/local/texlive/2016/texmf-dist/fonts/type1/urw/times/utmb8a.pfb></usr/local/t
exlive/2016/texmf-dist/fonts/type1/urw/times/utmr8a.pfb></usr/local/texlive/201
6/texmf-dist/fonts/type1/urw/times/utmri8a.pfb>
Output written on abstract.pdf (4 pages, 188214 bytes).
PDF statistics:
 432 PDF objects out of 1000 (max. 8388607)
 284 compressed objects within 3 object streams
 0 named destinations out of 1000 (max. 500000)
 21 words of extra memory for PDF output out of 10000 (max. 10000000)

